###############################################################################
#                                                                             #
# IAR Assembler V1.40.1.50106 for STM8                  05/Feb/2017  10:42:47 #
# Copyright 2010-2013 IAR Systems AB.                                         #
#                                                                             #
#    Source file  =  E:\RDA1846s\walkphone program\ucos -                     #
#                    transeiver\stm8s\src\periph_ticks.s                      #
#    Command line =  "E:\RDA1846s\walkphone program\ucos -                    #
#                    transeiver\stm8s\src\periph_ticks.s" -M<> -r -ld         #
#                    "E:\RDA1846s\walkphone program\ucos -                    #
#                    transeiver\stm8s\iar\Debug\List\"                        #
#                    "-IE:\RDA1846s\walkphone program\ucos -                  #
#                    transeiver\stm8s\iar\..\..\ucos_ii\iarstm8\"             #
#                    --code_model small --data_model medium -o                #
#                    "E:\RDA1846s\walkphone program\ucos -                    #
#                    transeiver\stm8s\iar\Debug\Obj\"                         #
#    List file    =  E:\RDA1846s\walkphone program\ucos -                     #
#                    transeiver\stm8s\iar\Debug\List\periph_ticks.lst         #
#    Object file  =  E:\RDA1846s\walkphone program\ucos -                     #
#                    transeiver\stm8s\iar\Debug\Obj\periph_ticks.o            #
#                                                                             #
#                                                                             #
###############################################################################

##############################################################################
# Module periph_ticks                                                        #
##############################################################################

 
 118 bytes in section .far_func.text  , module periph_ticks
 
 118 bytes of CODE memory  in module periph_ticks

Errors: none
Warnings: none
